<?xml version="1.0" encoding="UTF-8"?>
<!-- Generated by org.testng.reporters.JUnitReportReporter -->
<testsuite skipped="0" hostname="DESKTOP-MDBLIRD" name="com.qats.test.QATS_LoginPageTest" tests="4" failures="0" timestamp="05 Aug 2020 10:32:56 GMT" time="70.360" errors="0">
  <testcase name="LoginTestReviewer" time="20.799" classname="com.qats.test.QATS_LoginPageTest"/>
  <testcase name="LoginTestAdmin" time="23.149" classname="com.qats.test.QATS_LoginPageTest"/>
  <testcase name="LoginPageTitleTest" time="7.138" classname="com.qats.test.QATS_LoginPageTest"/>
  <testcase name="LoginTestManager" time="19.274" classname="com.qats.test.QATS_LoginPageTest"/>
</testsuite> <!-- com.qats.test.QATS_LoginPageTest -->
